TN:
SF:index.js
FNF:0
FNH:0
DA:1,2
DA:2,2
LF:2
LH:2
BRDA:1,0,0,2
BRF:1
BRH:1
end_of_record
TN:
SF:src/call-event-mixin.js
FN:4,findEventSubscribers
FN:18,callEventMixin
FN:22,actions
FN:30,$$callEvent
FNF:4
FNH:4
FNDA:1,findEventSubscribers
FNDA:1,callEventMixin
FNDA:1,actions
FNDA:1,$$callEvent
DA:1,2
DA:2,2
DA:3,2
DA:4,2
DA:5,1
DA:6,1
DA:7,1
DA:8,1
DA:9,1
DA:10,1
DA:11,1
DA:12,1
DA:13,1
DA:14,1
DA:15,1
DA:16,2
DA:17,2
DA:18,2
DA:19,1
DA:20,1
DA:21,1
DA:22,1
DA:23,1
DA:24,1
DA:25,1
DA:26,1
DA:27,1
DA:28,1
DA:29,1
DA:30,1
DA:31,1
DA:32,1
DA:33,1
DA:34,1
DA:35,1
DA:36,1
DA:37,1
DA:38,1
DA:39,1
DA:40,1
DA:41,1
DA:42,1
DA:43,1
DA:44,1
DA:45,1
DA:46,1
DA:47,1
DA:48,2
LF:48
LH:48
BRDA:1,0,0,2
BRDA:4,1,0,1
BRDA:12,2,0,3
BRDA:13,3,0,1
BRDA:18,4,0,1
BRDA:22,5,0,1
BRDA:30,6,0,1
BRF:7
BRH:7
end_of_record
TN:
SF:src/call-event-return-decorator.js
FN:1,handleEvent
FN:11,callEventReturnDecorator
FN:19,handler
FNF:3
FNH:3
FNDA:4,handleEvent
FNDA:4,callEventReturnDecorator
FNDA:4,handler
DA:1,2
DA:2,4
DA:3,4
DA:4,4
DA:5,4
DA:6,4
DA:7,1
DA:8,1
DA:9,2
DA:10,2
DA:11,2
DA:12,4
DA:13,4
DA:14,4
DA:15,4
DA:16,4
DA:17,4
DA:18,4
DA:19,4
DA:20,4
DA:21,4
DA:22,4
DA:23,4
DA:24,4
DA:25,4
DA:26,4
DA:27,4
DA:28,4
DA:29,4
DA:30,4
DA:31,4
DA:32,4
DA:33,4
DA:34,4
DA:35,4
DA:36,4
DA:37,4
DA:38,4
DA:39,4
DA:40,4
DA:41,4
DA:42,4
DA:43,4
DA:44,4
DA:45,4
DA:46,4
DA:47,4
DA:48,4
DA:49,4
DA:50,2
LF:50
LH:50
BRDA:1,0,0,2
BRDA:1,1,0,4
BRDA:6,2,0,1
BRDA:11,3,0,4
BRDA:16,4,0,1
BRDA:16,5,0,3
BRDA:19,6,0,4
BRDA:29,7,0,3
BRF:8
BRH:8
end_of_record
TN:
SF:src/pending-event-handler.js
FN:5,PendingEventHandler
FN:10,getEventResponses
FN:16,respond
FNF:3
FNH:3
FNDA:1,PendingEventHandler
FNDA:1,getEventResponses
FNDA:1,respond
DA:1,2
DA:2,2
DA:3,2
DA:4,2
DA:5,2
DA:6,1
DA:7,1
DA:8,1
DA:9,2
DA:10,2
DA:11,1
DA:12,1
DA:13,1
DA:14,1
DA:15,2
DA:16,2
DA:17,1
DA:18,1
DA:19,2
LF:19
LH:19
BRDA:1,0,0,2
BRDA:5,1,0,1
BRDA:10,2,0,1
BRDA:11,3,0,1
BRDA:12,4,0,1
BRDA:16,5,0,1
BRF:6
BRH:6
end_of_record
